2020-05-12 01:49:36.540 [WARN ] [HikariPool-13 housekeeper] c.z.h.p.HikariPool - HikariPool-13 - Thread starvation or clock leap detected (housekeeper delta=3h26s306ms18µs100ns).
2020-05-12 10:40:19.198 [WARN ] [HikariPool-13 housekeeper] c.z.h.p.HikariPool - HikariPool-13 - Thread starvation or clock leap detected (housekeeper delta=8h50m54s584ms650µs500ns).
2020-05-12 11:23:30.149 [INFO ] [Thread-78] o.s.s.c.ThreadPoolTaskExecutor - Shutting down ExecutorService 'applicationTaskExecutor'
2020-05-12 11:23:30.170 [INFO ] [Thread-78] o.s.o.j.LocalContainerEntityManagerFactoryBean - Closing JPA EntityManagerFactory for persistence unit 'default'
2020-05-12 11:23:30.251 [INFO ] [Thread-78] c.z.h.HikariDataSource - HikariPool-13 - Shutdown initiated...
2020-05-12 11:23:30.284 [INFO ] [Thread-78] c.z.h.HikariDataSource - HikariPool-13 - Shutdown completed.
2020-05-12 11:24:05.012 [INFO ] [restartedMain] c.e.d.DevopsCasestudyApplication - Starting DevopsCasestudyApplication on DESKTOP-2QO5679 with PID 19820 (C:\devops1\java\devopscasestudy\target\classes started by KruthikaM in C:\devops1\java\devopscasestudy)
2020-05-12 11:24:05.013 [INFO ] [restartedMain] c.e.d.DevopsCasestudyApplication - No active profile set, falling back to default profiles: default
2020-05-12 11:24:05.360 [INFO ] [restartedMain] o.s.d.r.c.RepositoryConfigurationDelegate - Bootstrapping Spring Data JPA repositories in DEFAULT mode.
2020-05-12 11:24:05.361 [INFO ] [restartedMain] o.s.d.r.c.RepositoryConfigurationDelegate - Finished Spring Data repository scanning in 0ms. Found 0 JPA repository interfaces.
2020-05-12 11:24:05.500 [INFO ] [restartedMain] o.s.b.w.e.t.TomcatWebServer - Tomcat initialized with port(s): 8083 (http)
2020-05-12 11:24:05.500 [INFO ] [restartedMain] o.a.c.c.StandardService - Starting service [Tomcat]
2020-05-12 11:24:05.501 [INFO ] [restartedMain] o.a.c.c.StandardEngine - Starting Servlet engine: [Apache Tomcat/9.0.33]
2020-05-12 11:24:05.536 [INFO ] [restartedMain] o.a.c.c.C.[.[.[/] - Initializing Spring embedded WebApplicationContext
2020-05-12 11:24:05.536 [DEBUG] [restartedMain] o.s.w.c.ContextLoader - Published root WebApplicationContext as ServletContext attribute with name [org.springframework.web.context.WebApplicationContext.ROOT]
2020-05-12 11:24:05.536 [INFO ] [restartedMain] o.s.w.c.ContextLoader - Root WebApplicationContext: initialization completed in 519 ms
2020-05-12 11:24:05.603 [INFO ] [restartedMain] o.h.j.i.u.LogHelper - HHH000204: Processing PersistenceUnitInfo [name: default]
2020-05-12 11:24:05.618 [INFO ] [restartedMain] c.z.h.HikariDataSource - HikariPool-14 - Starting...
2020-05-12 11:24:05.628 [INFO ] [restartedMain] c.z.h.HikariDataSource - HikariPool-14 - Start completed.
2020-05-12 11:24:05.630 [INFO ] [restartedMain] o.h.d.Dialect - HHH000400: Using dialect: org.hibernate.dialect.MySQL55Dialect
2020-05-12 11:24:05.997 [INFO ] [restartedMain] o.h.e.t.j.p.i.JtaPlatformInitiator - HHH000490: Using JtaPlatform implementation: [org.hibernate.engine.transaction.jta.platform.internal.NoJtaPlatform]
2020-05-12 11:24:05.998 [INFO ] [restartedMain] o.s.o.j.LocalContainerEntityManagerFactoryBean - Initialized JPA EntityManagerFactory for persistence unit 'default'
2020-05-12 11:24:06.021 [INFO ] [restartedMain] o.s.b.d.a.OptionalLiveReloadServer - LiveReload server is running on port 35729
2020-05-12 11:24:06.082 [WARN ] [restartedMain] o.s.b.a.o.j.JpaBaseConfiguration$JpaWebConfiguration - spring.jpa.open-in-view is enabled by default. Therefore, database queries may be performed during view rendering. Explicitly configure spring.jpa.open-in-view to disable this warning
2020-05-12 11:24:06.197 [INFO ] [restartedMain] o.s.s.c.ThreadPoolTaskExecutor - Initializing ExecutorService 'applicationTaskExecutor'
2020-05-12 11:24:06.205 [DEBUG] [restartedMain] o.s.w.s.m.m.a.RequestMappingHandlerAdapter - ControllerAdvice beans: 0 @ModelAttribute, 0 @InitBinder, 1 RequestBodyAdvice, 1 ResponseBodyAdvice
2020-05-12 11:24:06.219 [DEBUG] [restartedMain] o.s.w.s.m.m.a.RequestMappingHandlerMapping - 2 mappings in 'requestMappingHandlerMapping'
2020-05-12 11:24:06.256 [DEBUG] [restartedMain] o.s.w.s.h.SimpleUrlHandlerMapping - Patterns [/webjars/**, /**] in 'resourceHandlerMapping'
2020-05-12 11:24:06.267 [DEBUG] [restartedMain] o.s.w.s.m.m.a.ExceptionHandlerExceptionResolver - ControllerAdvice beans: 0 @ExceptionHandler, 1 ResponseBodyAdvice
2020-05-12 11:24:06.393 [INFO ] [restartedMain] o.s.b.w.e.t.TomcatWebServer - Tomcat started on port(s): 8083 (http) with context path ''
2020-05-12 11:24:06.394 [INFO ] [restartedMain] c.e.d.DevopsCasestudyApplication - Started DevopsCasestudyApplication in 1.44 seconds (JVM running for 57697.268)
2020-05-12 11:24:06.398 [INFO ] [restartedMain] o.s.b.d.a.ConditionEvaluationDeltaLoggingListener - Condition evaluation unchanged
2020-05-12 11:24:08.224 [INFO ] [Thread-83] o.s.s.c.ThreadPoolTaskExecutor - Shutting down ExecutorService 'applicationTaskExecutor'
2020-05-12 11:24:08.227 [INFO ] [Thread-83] o.s.o.j.LocalContainerEntityManagerFactoryBean - Closing JPA EntityManagerFactory for persistence unit 'default'
2020-05-12 11:24:08.229 [INFO ] [Thread-83] c.z.h.HikariDataSource - HikariPool-14 - Shutdown initiated...
2020-05-12 11:24:08.244 [INFO ] [Thread-83] c.z.h.HikariDataSource - HikariPool-14 - Shutdown completed.
2020-05-12 11:24:09.678 [INFO ] [restartedMain] c.e.d.DevopsCasestudyApplication - Starting DevopsCasestudyApplication on DESKTOP-2QO5679 with PID 19820 (C:\devops1\java\devopscasestudy\target\classes started by KruthikaM in C:\devops1\java\devopscasestudy)
2020-05-12 11:24:09.678 [INFO ] [restartedMain] c.e.d.DevopsCasestudyApplication - No active profile set, falling back to default profiles: default
2020-05-12 11:24:10.866 [INFO ] [restartedMain] o.s.d.r.c.RepositoryConfigurationDelegate - Bootstrapping Spring Data JPA repositories in DEFAULT mode.
2020-05-12 11:24:10.892 [INFO ] [restartedMain] o.s.d.r.c.RepositoryConfigurationDelegate - Finished Spring Data repository scanning in 24ms. Found 1 JPA repository interfaces.
2020-05-12 11:24:11.138 [INFO ] [restartedMain] o.s.b.w.e.t.TomcatWebServer - Tomcat initialized with port(s): 8083 (http)
2020-05-12 11:24:11.139 [INFO ] [restartedMain] o.a.c.c.StandardService - Starting service [Tomcat]
2020-05-12 11:24:11.139 [INFO ] [restartedMain] o.a.c.c.StandardEngine - Starting Servlet engine: [Apache Tomcat/9.0.33]
2020-05-12 11:24:11.177 [INFO ] [restartedMain] o.a.c.c.C.[.[.[/] - Initializing Spring embedded WebApplicationContext
2020-05-12 11:24:11.177 [DEBUG] [restartedMain] o.s.w.c.ContextLoader - Published root WebApplicationContext as ServletContext attribute with name [org.springframework.web.context.WebApplicationContext.ROOT]
2020-05-12 11:24:11.177 [INFO ] [restartedMain] o.s.w.c.ContextLoader - Root WebApplicationContext: initialization completed in 1489 ms
2020-05-12 11:24:11.268 [INFO ] [restartedMain] o.h.j.i.u.LogHelper - HHH000204: Processing PersistenceUnitInfo [name: default]
2020-05-12 11:24:11.279 [INFO ] [restartedMain] c.z.h.HikariDataSource - HikariPool-15 - Starting...
2020-05-12 11:24:11.285 [INFO ] [restartedMain] c.z.h.HikariDataSource - HikariPool-15 - Start completed.
2020-05-12 11:24:11.285 [INFO ] [restartedMain] o.h.d.Dialect - HHH000400: Using dialect: org.hibernate.dialect.MySQL55Dialect
2020-05-12 11:24:11.561 [INFO ] [restartedMain] o.h.e.t.j.p.i.JtaPlatformInitiator - HHH000490: Using JtaPlatform implementation: [org.hibernate.engine.transaction.jta.platform.internal.NoJtaPlatform]
2020-05-12 11:24:11.562 [INFO ] [restartedMain] o.s.o.j.LocalContainerEntityManagerFactoryBean - Initialized JPA EntityManagerFactory for persistence unit 'default'
2020-05-12 11:24:11.580 [INFO ] [restartedMain] o.s.b.d.a.OptionalLiveReloadServer - LiveReload server is running on port 35729
2020-05-12 11:24:11.733 [WARN ] [restartedMain] o.s.b.a.o.j.JpaBaseConfiguration$JpaWebConfiguration - spring.jpa.open-in-view is enabled by default. Therefore, database queries may be performed during view rendering. Explicitly configure spring.jpa.open-in-view to disable this warning
2020-05-12 11:24:11.828 [INFO ] [restartedMain] o.s.s.c.ThreadPoolTaskExecutor - Initializing ExecutorService 'applicationTaskExecutor'
2020-05-12 11:24:11.834 [DEBUG] [restartedMain] o.s.w.s.m.m.a.RequestMappingHandlerAdapter - ControllerAdvice beans: 0 @ModelAttribute, 0 @InitBinder, 1 RequestBodyAdvice, 1 ResponseBodyAdvice
2020-05-12 11:24:11.850 [DEBUG] [restartedMain] o.s.w.s.m.m.a.RequestMappingHandlerMapping - 7 mappings in 'requestMappingHandlerMapping'
2020-05-12 11:24:11.876 [DEBUG] [restartedMain] o.s.w.s.h.SimpleUrlHandlerMapping - Patterns [/webjars/**, /**] in 'resourceHandlerMapping'
2020-05-12 11:24:11.897 [DEBUG] [restartedMain] o.s.w.s.m.m.a.ExceptionHandlerExceptionResolver - ControllerAdvice beans: 0 @ExceptionHandler, 1 ResponseBodyAdvice
2020-05-12 11:24:12.006 [INFO ] [restartedMain] o.s.b.w.e.t.TomcatWebServer - Tomcat started on port(s): 8083 (http) with context path ''
2020-05-12 11:24:12.008 [INFO ] [restartedMain] c.e.d.DevopsCasestudyApplication - Started DevopsCasestudyApplication in 2.42 seconds (JVM running for 57702.882)
2020-05-12 11:24:12.011 [INFO ] [restartedMain] o.s.b.d.a.ConditionEvaluationDeltaLoggingListener - Condition evaluation unchanged
2020-05-12 13:39:36.755 [INFO ] [Thread-91] o.s.s.c.ThreadPoolTaskExecutor - Shutting down ExecutorService 'applicationTaskExecutor'
2020-05-12 13:39:36.786 [INFO ] [Thread-91] o.s.o.j.LocalContainerEntityManagerFactoryBean - Closing JPA EntityManagerFactory for persistence unit 'default'
2020-05-12 13:39:36.876 [INFO ] [Thread-91] c.z.h.HikariDataSource - HikariPool-15 - Shutdown initiated...
2020-05-12 13:39:36.900 [INFO ] [Thread-91] c.z.h.HikariDataSource - HikariPool-15 - Shutdown completed.
2020-05-12 13:45:21.079 [INFO ] [restartedMain] c.e.d.DevopsCasestudyApplication - Starting DevopsCasestudyApplication on DESKTOP-2QO5679 with PID 19820 (C:\devops1\java\devopscasestudy\target\classes started by KruthikaM in C:\devops1\java\devopscasestudy)
2020-05-12 13:45:21.080 [INFO ] [restartedMain] c.e.d.DevopsCasestudyApplication - No active profile set, falling back to default profiles: default
2020-05-12 13:45:21.473 [INFO ] [restartedMain] o.s.d.r.c.RepositoryConfigurationDelegate - Bootstrapping Spring Data JPA repositories in DEFAULT mode.
2020-05-12 13:45:21.474 [INFO ] [restartedMain] o.s.d.r.c.RepositoryConfigurationDelegate - Finished Spring Data repository scanning in 0ms. Found 0 JPA repository interfaces.
2020-05-12 13:45:21.604 [INFO ] [restartedMain] o.s.b.w.e.t.TomcatWebServer - Tomcat initialized with port(s): 8083 (http)
2020-05-12 13:45:21.605 [INFO ] [restartedMain] o.a.c.c.StandardService - Starting service [Tomcat]
2020-05-12 13:45:21.606 [INFO ] [restartedMain] o.a.c.c.StandardEngine - Starting Servlet engine: [Apache Tomcat/9.0.33]
2020-05-12 13:45:21.633 [INFO ] [restartedMain] o.a.c.c.C.[.[.[/] - Initializing Spring embedded WebApplicationContext
2020-05-12 13:45:21.633 [DEBUG] [restartedMain] o.s.w.c.ContextLoader - Published root WebApplicationContext as ServletContext attribute with name [org.springframework.web.context.WebApplicationContext.ROOT]
2020-05-12 13:45:21.633 [INFO ] [restartedMain] o.s.w.c.ContextLoader - Root WebApplicationContext: initialization completed in 545 ms
2020-05-12 13:45:21.683 [INFO ] [restartedMain] o.h.j.i.u.LogHelper - HHH000204: Processing PersistenceUnitInfo [name: default]
2020-05-12 13:45:21.697 [INFO ] [restartedMain] c.z.h.HikariDataSource - HikariPool-16 - Starting...
2020-05-12 13:45:21.710 [INFO ] [restartedMain] c.z.h.HikariDataSource - HikariPool-16 - Start completed.
2020-05-12 13:45:21.712 [INFO ] [restartedMain] o.h.d.Dialect - HHH000400: Using dialect: org.hibernate.dialect.MySQL55Dialect
2020-05-12 13:45:22.117 [INFO ] [restartedMain] o.h.e.t.j.p.i.JtaPlatformInitiator - HHH000490: Using JtaPlatform implementation: [org.hibernate.engine.transaction.jta.platform.internal.NoJtaPlatform]
2020-05-12 13:45:22.118 [INFO ] [restartedMain] o.s.o.j.LocalContainerEntityManagerFactoryBean - Initialized JPA EntityManagerFactory for persistence unit 'default'
2020-05-12 13:45:22.139 [INFO ] [restartedMain] o.s.b.d.a.OptionalLiveReloadServer - LiveReload server is running on port 35729
2020-05-12 13:45:22.166 [WARN ] [restartedMain] o.s.b.a.o.j.JpaBaseConfiguration$JpaWebConfiguration - spring.jpa.open-in-view is enabled by default. Therefore, database queries may be performed during view rendering. Explicitly configure spring.jpa.open-in-view to disable this warning
2020-05-12 13:45:22.236 [INFO ] [restartedMain] o.s.s.c.ThreadPoolTaskExecutor - Initializing ExecutorService 'applicationTaskExecutor'
2020-05-12 13:45:22.242 [DEBUG] [restartedMain] o.s.w.s.m.m.a.RequestMappingHandlerAdapter - ControllerAdvice beans: 0 @ModelAttribute, 0 @InitBinder, 1 RequestBodyAdvice, 1 ResponseBodyAdvice
2020-05-12 13:45:22.259 [DEBUG] [restartedMain] o.s.w.s.m.m.a.RequestMappingHandlerMapping - 2 mappings in 'requestMappingHandlerMapping'
2020-05-12 13:45:22.276 [DEBUG] [restartedMain] o.s.w.s.h.SimpleUrlHandlerMapping - Patterns [/webjars/**, /**] in 'resourceHandlerMapping'
2020-05-12 13:45:22.282 [DEBUG] [restartedMain] o.s.w.s.m.m.a.ExceptionHandlerExceptionResolver - ControllerAdvice beans: 0 @ExceptionHandler, 1 ResponseBodyAdvice
2020-05-12 13:45:22.359 [INFO ] [restartedMain] o.s.b.w.e.t.TomcatWebServer - Tomcat started on port(s): 8083 (http) with context path ''
2020-05-12 13:45:22.362 [INFO ] [restartedMain] c.e.d.DevopsCasestudyApplication - Started DevopsCasestudyApplication in 1.353 seconds (JVM running for 66173.236)
2020-05-12 13:45:22.365 [INFO ] [restartedMain] o.s.b.d.a.ConditionEvaluationDeltaLoggingListener - Condition evaluation unchanged
2020-05-12 13:46:13.185 [INFO ] [Thread-96] o.s.s.c.ThreadPoolTaskExecutor - Shutting down ExecutorService 'applicationTaskExecutor'
2020-05-12 13:46:13.187 [INFO ] [Thread-96] o.s.o.j.LocalContainerEntityManagerFactoryBean - Closing JPA EntityManagerFactory for persistence unit 'default'
2020-05-12 13:46:13.189 [INFO ] [Thread-96] c.z.h.HikariDataSource - HikariPool-16 - Shutdown initiated...
2020-05-12 13:46:13.302 [INFO ] [Thread-96] c.z.h.HikariDataSource - HikariPool-16 - Shutdown completed.
2020-05-12 13:46:16.532 [INFO ] [restartedMain] c.e.d.DevopsCasestudyApplication - Starting DevopsCasestudyApplication on DESKTOP-2QO5679 with PID 19820 (C:\devops1\java\devopscasestudy\target\classes started by KruthikaM in C:\devops1\java\devopscasestudy)
2020-05-12 13:46:16.533 [INFO ] [restartedMain] c.e.d.DevopsCasestudyApplication - No active profile set, falling back to default profiles: default
2020-05-12 13:46:17.009 [INFO ] [restartedMain] o.s.d.r.c.RepositoryConfigurationDelegate - Bootstrapping Spring Data JPA repositories in DEFAULT mode.
2020-05-12 13:46:17.037 [INFO ] [restartedMain] o.s.d.r.c.RepositoryConfigurationDelegate - Finished Spring Data repository scanning in 28ms. Found 1 JPA repository interfaces.
2020-05-12 13:46:17.275 [INFO ] [restartedMain] o.s.b.w.e.t.TomcatWebServer - Tomcat initialized with port(s): 8083 (http)
2020-05-12 13:46:17.276 [INFO ] [restartedMain] o.a.c.c.StandardService - Starting service [Tomcat]
2020-05-12 13:46:17.276 [INFO ] [restartedMain] o.a.c.c.StandardEngine - Starting Servlet engine: [Apache Tomcat/9.0.33]
2020-05-12 13:46:17.303 [INFO ] [restartedMain] o.a.c.c.C.[.[.[/] - Initializing Spring embedded WebApplicationContext
2020-05-12 13:46:17.303 [DEBUG] [restartedMain] o.s.w.c.ContextLoader - Published root WebApplicationContext as ServletContext attribute with name [org.springframework.web.context.WebApplicationContext.ROOT]
2020-05-12 13:46:17.304 [INFO ] [restartedMain] o.s.w.c.ContextLoader - Root WebApplicationContext: initialization completed in 766 ms
2020-05-12 13:46:17.360 [INFO ] [restartedMain] o.h.j.i.u.LogHelper - HHH000204: Processing PersistenceUnitInfo [name: default]
2020-05-12 13:46:17.373 [INFO ] [restartedMain] c.z.h.HikariDataSource - HikariPool-17 - Starting...
2020-05-12 13:46:17.379 [INFO ] [restartedMain] c.z.h.HikariDataSource - HikariPool-17 - Start completed.
2020-05-12 13:46:17.380 [INFO ] [restartedMain] o.h.d.Dialect - HHH000400: Using dialect: org.hibernate.dialect.MySQL55Dialect
2020-05-12 13:46:17.761 [INFO ] [restartedMain] o.h.e.t.j.p.i.JtaPlatformInitiator - HHH000490: Using JtaPlatform implementation: [org.hibernate.engine.transaction.jta.platform.internal.NoJtaPlatform]
2020-05-12 13:46:17.761 [INFO ] [restartedMain] o.s.o.j.LocalContainerEntityManagerFactoryBean - Initialized JPA EntityManagerFactory for persistence unit 'default'
2020-05-12 13:46:17.782 [INFO ] [restartedMain] o.s.b.d.a.OptionalLiveReloadServer - LiveReload server is running on port 35729
2020-05-12 13:46:17.909 [WARN ] [restartedMain] o.s.b.a.o.j.JpaBaseConfiguration$JpaWebConfiguration - spring.jpa.open-in-view is enabled by default. Therefore, database queries may be performed during view rendering. Explicitly configure spring.jpa.open-in-view to disable this warning
2020-05-12 13:46:17.991 [INFO ] [restartedMain] o.s.s.c.ThreadPoolTaskExecutor - Initializing ExecutorService 'applicationTaskExecutor'
2020-05-12 13:46:17.996 [DEBUG] [restartedMain] o.s.w.s.m.m.a.RequestMappingHandlerAdapter - ControllerAdvice beans: 0 @ModelAttribute, 0 @InitBinder, 1 RequestBodyAdvice, 1 ResponseBodyAdvice
2020-05-12 13:46:18.008 [DEBUG] [restartedMain] o.s.w.s.m.m.a.RequestMappingHandlerMapping - 7 mappings in 'requestMappingHandlerMapping'
2020-05-12 13:46:18.028 [DEBUG] [restartedMain] o.s.w.s.h.SimpleUrlHandlerMapping - Patterns [/webjars/**, /**] in 'resourceHandlerMapping'
2020-05-12 13:46:18.040 [DEBUG] [restartedMain] o.s.w.s.m.m.a.ExceptionHandlerExceptionResolver - ControllerAdvice beans: 0 @ExceptionHandler, 1 ResponseBodyAdvice
2020-05-12 13:46:18.147 [INFO ] [restartedMain] o.s.b.w.e.t.TomcatWebServer - Tomcat started on port(s): 8083 (http) with context path ''
2020-05-12 13:46:18.167 [INFO ] [restartedMain] c.e.d.DevopsCasestudyApplication - Started DevopsCasestudyApplication in 1.691 seconds (JVM running for 66229.042)
2020-05-12 13:46:18.170 [INFO ] [restartedMain] o.s.b.d.a.ConditionEvaluationDeltaLoggingListener - Condition evaluation unchanged
